1
Length is 0
5 is inserted
7 is inserted
6 is inserted
9 is inserted
6 is inserted
5 is inserted
6 is inserted
6 is inserted
List Items: 
6
6
5
6
9
6
7
5

6 is deleted
List Items: 
5
9
7
5

6 not in list.
5 is inserted
5 is inserted
5 is inserted
5 is inserted
5 is inserted
5 is inserted
4 is inserted
List is not full.
List Items: 
2147483647
2
1
3
5
7
9
5
5
5
5
5
5
5
4

List Items: 
4
5
5
5
5
5
5
5
9
7
5

5 is deleted
List Items: 
4
9
7

7 is deleted
List Items: 
4
9

