1
Queue is empty.
E is enqueued.
A is enqueued.
Length is 2.
Identical is 0.
Identical is 0.
Identical is 1.
Identical is 0.
E is dequeued. 
G is enqueued.
F is enqueued.
Length is 3.
A is dequeued. 
G is dequeued. 
F is dequeued. 
EmtpyQueue exception thrown.
I is enqueued.
I is dequeued. 
EmtpyQueue exception thrown.
Queue is empty.
Queue is not full.
EmtpyQueue exception thrown.
EmtpyQueue exception thrown.
Queue is empty.
B is enqueued.
C is enqueued.
C is enqueued.
Queue replaced from C to A
D is enqueued.
Identical is 0.
Identical is 0.
Length is 4.
A is enqueued.
J is enqueued.
L is enqueued.
Queue replaced from L to K
Length is 7.
Queue is full.
B is dequeued. 
A is dequeued. 
A is dequeued. 
D is dequeued. 
E is enqueued.
Length is 4.
A is dequeued. 
C is enqueued.
G is enqueued.
J is dequeued. 
K is dequeued. 
Queue is not empty.
B is enqueued.
Queue is not empty.
E is dequeued. 
Queue is not empty.
B is enqueued.
C is enqueued.
C is enqueued.
D is enqueued.
Queue is full.
FullQueue exception thrown.
Queue is full.
FullQueue exception thrown.
C is dequeued. 
B is enqueued.
Queue replaced from B to A
G is dequeued. 
A is dequeued. 
A is dequeued. 
C is dequeued. 
C is dequeued. 
D is dequeued. 
A is dequeued. 
A is enqueued.
B is enqueued.
C is enqueued.
D is enqueued.
Queue replaced from A to F
F is dequeued. 
B is dequeued. 
C is dequeued. 
D is dequeued. 
EmtpyQueue exception thrown.
