1
Stack is empty.
Stack replaced from 9 to 10
Top element is 10
Top element is 6
Top element is 7
Top element is 5
Stack replaced from 3 to 101
Top element is 4
Top element is 101
Top element is 101
Top element is 2
Top element is 3
Stack is empty.
Stack is not empty.
Stack is empty.
Stack is not full.
Stack is not full.
Stack replaced from 2 to 7
EmtpyStack exception thrown.
Stack copy and print
==== Print stack ====
  2095
  1111111
  9
  -2147483648
  2147483647
  10
  1
  3
  2
  4
