1
Stack is empty.
Stack is not empty.
Stack is not empty.
Stack is not empty.
Stack is not full.
Stack is not full.
Stack is not empty.
Stack is not empty.
Stack is not empty.
Stack is not full.
Stack is not full.
Stack is not empty.
Stack is not empty.
Stack is not empty.
Stack is not full.
Stack is not full.
Stack is not empty.
Stack is not empty.
Stack is not empty.
Stack is not full.
Stack is not full.
Stack is not empty.
Stack is not empty.
Stack is not empty.
Stack is not full.
Stack is not full.
Stack is not empty.
Stack is not empty.
Stack is not empty.
Stack is not full.
Stack is not full.
Stack is not empty.
Stack is not empty.
Stack is not empty.
Stack is not full.
Stack is not full.
Stack is not empty.
Stack is not empty.
Stack is not empty.
Stack is not full.
Stack is not full.
Stack is not empty.
Stack is not empty.
Stack is not empty.
Stack is not full.
Stack is not full.
FullStack exception thrown.
FullStack exception thrown.
Stack is not empty.
FullStack exception thrown.
Stack is not empty.
Stack is not empty.
FullStack exception thrown.
FullStack exception thrown.
FullStack exception thrown.
FullStack exception thrown.
Stack is full.
FullStack exception thrown.
Stack is full.
FullStack exception thrown.
FullStack exception thrown.
FullStack exception thrown.
FullStack exception thrown.
FullStack exception thrown.
FullStack exception thrown.
FullStack exception thrown.
FullStack exception thrown.
FullStack exception thrown.
FullStack exception thrown.
FullStack exception thrown.
FullStack exception thrown.
FullStack exception thrown.
FullStack exception thrown.
FullStack exception thrown.
Stack is not empty.
FullStack exception thrown.
Stack is not empty.
Stack is not empty.
FullStack exception thrown.
FullStack exception thrown.
FullStack exception thrown.
FullStack exception thrown.
Stack is full.
FullStack exception thrown.
Stack is full.
FullStack exception thrown.
FullStack exception thrown.
