1
Length is 0
5 is inserted
7 is inserted
6 is inserted
9 is inserted
6 is inserted
5 is inserted
6 is inserted
6 is inserted
Reverse List Items: 
9
7
6
6
6
6
5
5

List Items: 
5
5
6
6
6
6
7
9

6 is deleted
List Items: 
5
5
6
6
6
7
9

6 found in list.
5 is inserted
5 is inserted
5 is inserted
5 is inserted
5 is inserted
5 is inserted
4 is inserted
Reverse List Items: 
9
7
6
6
6
5
5
5
5
5
5
5
5
4

List is not full.
List Items: 
4
5
5
5
5
5
5
5
5
6
6
6
7
9

5 is deleted
List Items: 
4
5
5
5
5
5
5
5
6
6
6
7
9

7 is deleted
List Items: 
4
5
5
5
5
5
5
5
6
6
6
9

